nohup: ignoring input
🚀 Server running at http://localhost:3000/
Bundled page in 192ms: src/index.html
3 | import { Button } from "@/components/ui/button";
                           ^
error: Could not resolve: "@/components/ui/button". Maybe you need to "bun install"?
    at /home/jdluu/CS Stuff/Tune-Twin/src/App.tsx:3:24

4 | import { Input } from "@/components/ui/input";
                          ^
error: Could not resolve: "@/components/ui/input". Maybe you need to "bun install"?
    at /home/jdluu/CS Stuff/Tune-Twin/src/App.tsx:4:23

5 | import { Card, CardContent, CardDescription, CardHeader, CardTitle } from "@/components/ui/card";
                                                                              ^
error: Could not resolve: "@/components/ui/card". Maybe you need to "bun install"?
    at /home/jdluu/CS Stuff/Tune-Twin/src/App.tsx:5:75
Reloaded in 793ms: src/App.tsx
[x2] Reloaded in 16ms: src/index.css
48 |     <Slide控制="in" appear={false} direction="down" in={!trigger}>
                       ^
error: Expected ">" but found "appear"
    at /home/jdluu/CS Stuff/Tune-Twin/src/App.tsx:48:19

48 |     <Slide控制="in" appear={false} direction="down" in={!trigger}>
                             ^
error: Unexpected =
    at /home/jdluu/CS Stuff/Tune-Twin/src/App.tsx:48:25
48 |     <Slide控制="in" appear={false} direction="down" in={!trigger}>
                       ^
error: Expected ">" but found "appear"
    at /home/jdluu/CS Stuff/Tune-Twin/src/App.tsx:48:19

48 |     <Slide控制="in" appear={false} direction="down" in={!trigger}>
                             ^
error: Unexpected =
    at /home/jdluu/CS Stuff/Tune-Twin/src/App.tsx:48:25
48 |     <Slide控制="in" appear={false} direction="down" in={!trigger}>
                       ^
error: Expected ">" but found "appear"
    at /home/jdluu/CS Stuff/Tune-Twin/src/App.tsx:48:19

48 |     <Slide控制="in" appear={false} direction="down" in={!trigger}>
                             ^
error: Unexpected =
    at /home/jdluu/CS Stuff/Tune-Twin/src/App.tsx:48:25
391 | 控制="in" -> appear={true} or something? Wait, I made a mistake in the HideOnScroll Sli
               ^
error: Unexpected >
    at /home/jdluu/CS Stuff/Tune-Twin/src/App.tsx:391:10
Reloaded in 7ms: src/App.tsx
🚀 Server running at http://localhost:3000/
